{"level":"info","message":"Successfully connected to MongoDB ...","module":"connectDB","service":"myGiftrApp"}
{"level":"info","message":"Successfully connected to MongoDB ...","module":"connectDB","service":"myGiftrApp"}
{"level":"info","message":"Successfully connected to MongoDB ...","module":"connectDB","service":"myGiftrApp"}
{"level":"info","message":"Successfully connected to MongoDB ...","module":"connectDB","service":"myGiftrApp"}
{"level":"info","message":"Successfully connected to MongoDB ...","module":"connectDB","service":"myGiftrApp"}
{"level":"info","message":"Successfully connected to MongoDB ...","module":"connectDB","service":"myGiftrApp"}
{"level":"info","message":"Successfully connected to MongoDB ...","module":"connectDB","service":"myGiftrApp"}
{"level":"info","message":"HTTP server listening on port 3030","module":"httpServer","service":"myGiftrApp"}
{"level":"info","message":"Successfully connected to MongoDB ...","module":"connectDB","service":"myGiftrApp"}
{"level":"info","message":"HTTP server listening on port 3030","module":"httpServer","service":"myGiftrApp"}
{"level":"info","message":"Successfully connected to MongoDB ...","module":"connectDB","service":"myGiftrApp"}
{"level":"info","message":"HTTP server listening on port 3030","module":"httpServer","service":"myGiftrApp"}
{"level":"info","message":"Successfully connected to MongoDB ...","module":"connectDB","service":"myGiftrApp"}
{"level":"info","message":"HTTP server listening on port 3030","module":"httpServer","service":"myGiftrApp"}
{"level":"info","message":"Successfully connected to MongoDB ...","module":"connectDB","service":"myGiftrApp"}
{"level":"info","message":"HTTP server listening on port 3030","module":"httpServer","service":"giftrApp"}
{"level":"info","message":"Successfully connected to MongoDB ...","module":"connectDB","service":"giftrApp"}
{"level":"info","message":"HTTP server listening on port 3030","module":"httpServer","service":"giftrApp"}
{"level":"info","message":"Successfully connected to MongoDB ...","module":"connectDB","service":"giftrApp"}
{"level":"info","message":"HTTP server listening on port 3030","module":"httpServer","service":"giftrApp"}
{"level":"info","message":"Successfully connected to MongoDB ...","module":"connectDB","service":"giftrApp"}
{"level":"info","message":"HTTP server listening on port 3030","module":"httpServer","service":"giftrApp"}
{"level":"info","message":"Successfully connected to MongoDB ...","module":"connectDB","service":"giftrApp"}
{"level":"info","message":"HTTP server listening on port 3030","module":"httpServer","service":"giftrApp"}
{"level":"info","message":"Successfully connected to MongoDB ...","module":"connectDB","service":"giftrApp"}
{"level":"info","message":"HTTP server listening on port 3030","module":"httpServer","service":"giftrApp"}
{"level":"info","message":"Successfully connected to MongoDB ...","module":"connectDB","service":"giftrApp"}
{"code":404,"description":"We could not find a person with id: 6252c9a336d904d86b295ee","level":"error","message":"We could not find a person with id: 6252c9a336d904d86b295ee","module":"logErrors","service":"giftrApp","stack":"Error: We could not find a person with id: 6252c9a336d904d86b295ee\n    at validateId (file:///Users/jasreet/Documents/code/mad9124/mad9124-w22-p1-giftr/middleware/authAccess.js:33:9)\n    at authAccess (file:///Users/jasreet/Documents/code/mad9124/mad9124-w22-p1-giftr/middleware/authAccess.js:7:11)\n    at Layer.handle [as handle_request] (/Users/jasreet/Documents/code/mad9124/mad9124-w22-p1-giftr/node_modules/express/lib/router/layer.js:95:5)\n    at next (/Users/jasreet/Documents/code/mad9124/mad9124-w22-p1-giftr/node_modules/express/lib/router/route.js:137:13)\n    at default (file:///Users/jasreet/Documents/code/mad9124/mad9124-w22-p1-giftr/middleware/apiKey.js:15:3)\n    at Layer.handle [as handle_request] (/Users/jasreet/Documents/code/mad9124/mad9124-w22-p1-giftr/node_modules/express/lib/router/layer.js:95:5)\n    at next (/Users/jasreet/Documents/code/mad9124/mad9124-w22-p1-giftr/node_modules/express/lib/router/route.js:137:13)\n    at default (file:///Users/jasreet/Documents/code/mad9124/mad9124-w22-p1-giftr/middleware/auth.js:31:5)\n    at Layer.handle [as handle_request] (/Users/jasreet/Documents/code/mad9124/mad9124-w22-p1-giftr/node_modules/express/lib/router/layer.js:95:5)\n    at next (/Users/jasreet/Documents/code/mad9124/mad9124-w22-p1-giftr/node_modules/express/lib/router/route.js:137:13)","status":"404","title":"Resource does not exist"}
{"level":"info","message":"HTTP server listening on port 3030","module":"httpServer","service":"giftrApp"}
{"level":"info","message":"Successfully connected to MongoDB ...","module":"connectDB","service":"giftrApp"}
{"level":"info","message":"HTTP server listening on port 3030","module":"httpServer","service":"giftrApp"}
{"level":"info","message":"Successfully connected to MongoDB ...","module":"connectDB","service":"giftrApp"}
{"code":404,"description":"We could not find a person with id: 6252c9a336d904d86b295ee","level":"error","message":"We could not find a person with id: 6252c9a336d904d86b295ee","module":"logErrors","service":"giftrApp","stack":"Error: We could not find a person with id: 6252c9a336d904d86b295ee\n    at validateId (file:///Users/jasreet/Documents/code/mad9124/mad9124-w22-p1-giftr/middleware/authAccess.js:33:9)\n    at authAccess (file:///Users/jasreet/Documents/code/mad9124/mad9124-w22-p1-giftr/middleware/authAccess.js:7:11)\n    at Layer.handle [as handle_request] (/Users/jasreet/Documents/code/mad9124/mad9124-w22-p1-giftr/node_modules/express/lib/router/layer.js:95:5)\n    at next (/Users/jasreet/Documents/code/mad9124/mad9124-w22-p1-giftr/node_modules/express/lib/router/route.js:137:13)\n    at default (file:///Users/jasreet/Documents/code/mad9124/mad9124-w22-p1-giftr/middleware/apiKey.js:15:3)\n    at Layer.handle [as handle_request] (/Users/jasreet/Documents/code/mad9124/mad9124-w22-p1-giftr/node_modules/express/lib/router/layer.js:95:5)\n    at next (/Users/jasreet/Documents/code/mad9124/mad9124-w22-p1-giftr/node_modules/express/lib/router/route.js:137:13)\n    at default (file:///Users/jasreet/Documents/code/mad9124/mad9124-w22-p1-giftr/middleware/auth.js:31:5)\n    at Layer.handle [as handle_request] (/Users/jasreet/Documents/code/mad9124/mad9124-w22-p1-giftr/node_modules/express/lib/router/layer.js:95:5)\n    at next (/Users/jasreet/Documents/code/mad9124/mad9124-w22-p1-giftr/node_modules/express/lib/router/route.js:137:13)","status":"404","title":"Resource does not exist"}
{"code":404,"description":"We could not find a person with id: 6252c9a336d904d86b295ee","level":"error","message":"We could not find a person with id: 6252c9a336d904d86b295ee","module":"logErrors","service":"giftrApp","stack":"Error: We could not find a person with id: 6252c9a336d904d86b295ee\n    at validateId (file:///Users/jasreet/Documents/code/mad9124/mad9124-w22-p1-giftr/middleware/authAccess.js:33:9)\n    at authAccess (file:///Users/jasreet/Documents/code/mad9124/mad9124-w22-p1-giftr/middleware/authAccess.js:7:11)\n    at Layer.handle [as handle_request] (/Users/jasreet/Documents/code/mad9124/mad9124-w22-p1-giftr/node_modules/express/lib/router/layer.js:95:5)\n    at next (/Users/jasreet/Documents/code/mad9124/mad9124-w22-p1-giftr/node_modules/express/lib/router/route.js:137:13)\n    at default (file:///Users/jasreet/Documents/code/mad9124/mad9124-w22-p1-giftr/middleware/apiKey.js:15:3)\n    at Layer.handle [as handle_request] (/Users/jasreet/Documents/code/mad9124/mad9124-w22-p1-giftr/node_modules/express/lib/router/layer.js:95:5)\n    at next (/Users/jasreet/Documents/code/mad9124/mad9124-w22-p1-giftr/node_modules/express/lib/router/route.js:137:13)\n    at default (file:///Users/jasreet/Documents/code/mad9124/mad9124-w22-p1-giftr/middleware/auth.js:31:5)\n    at Layer.handle [as handle_request] (/Users/jasreet/Documents/code/mad9124/mad9124-w22-p1-giftr/node_modules/express/lib/router/layer.js:95:5)\n    at next (/Users/jasreet/Documents/code/mad9124/mad9124-w22-p1-giftr/node_modules/express/lib/router/route.js:137:13)","status":"404","title":"Resource does not exist"}
{"level":"info","message":"HTTP server listening on port 3030","module":"httpServer","service":"giftrApp"}
{"level":"info","message":"Successfully connected to MongoDB ...","module":"connectDB","service":"giftrApp"}
{"code":404,"description":"We could not find a person with id: 6252c9a336d904d86b295ee","level":"error","message":"We could not find a person with id: 6252c9a336d904d86b295ee","module":"logErrors","service":"giftrApp","stack":"Error: We could not find a person with id: 6252c9a336d904d86b295ee\n    at validateId (file:///Users/jasreet/Documents/code/mad9124/mad9124-w22-p1-giftr/middleware/authAccess.js:33:9)\n    at authAccess (file:///Users/jasreet/Documents/code/mad9124/mad9124-w22-p1-giftr/middleware/authAccess.js:7:11)\n    at Layer.handle [as handle_request] (/Users/jasreet/Documents/code/mad9124/mad9124-w22-p1-giftr/node_modules/express/lib/router/layer.js:95:5)\n    at next (/Users/jasreet/Documents/code/mad9124/mad9124-w22-p1-giftr/node_modules/express/lib/router/route.js:137:13)\n    at default (file:///Users/jasreet/Documents/code/mad9124/mad9124-w22-p1-giftr/middleware/apiKey.js:15:3)\n    at Layer.handle [as handle_request] (/Users/jasreet/Documents/code/mad9124/mad9124-w22-p1-giftr/node_modules/express/lib/router/layer.js:95:5)\n    at next (/Users/jasreet/Documents/code/mad9124/mad9124-w22-p1-giftr/node_modules/express/lib/router/route.js:137:13)\n    at default (file:///Users/jasreet/Documents/code/mad9124/mad9124-w22-p1-giftr/middleware/auth.js:31:5)\n    at Layer.handle [as handle_request] (/Users/jasreet/Documents/code/mad9124/mad9124-w22-p1-giftr/node_modules/express/lib/router/layer.js:95:5)\n    at next (/Users/jasreet/Documents/code/mad9124/mad9124-w22-p1-giftr/node_modules/express/lib/router/route.js:137:13)","status":"404","title":"Resource does not exist"}
{"level":"info","message":"HTTP server listening on port 3030","module":"httpServer","service":"giftrApp"}
{"level":"info","message":"Successfully connected to MongoDB ...","module":"connectDB","service":"giftrApp"}
{"level":"error","message":"We could not find a person with id: 6252c9a336d904d86b295ee","module":"logErrors","service":"giftrApp"}
{"level":"error","message":"We could not find a person with id: 6252c9a336d904d86b295ee","module":"logErrors","service":"giftrApp"}
{"level":"error","message":"We could not find a person with id: 6252c9a336d904d86b295ee","module":"logErrors","service":"giftrApp"}
{"level":"error","message":"We could not find a gift with id: 625eb8eb41270f47fcb0a278","module":"logErrors","service":"giftrApp"}
{"level":"error","message":"User validation failed: email: The email address 'm@hmail.com' is already registered.","module":"logErrors","service":"giftrApp"}
{"level":"error","message":"We could not find a person with id: 625eb4b947f10e7a96dcbd9b","module":"logErrors","service":"giftrApp"}
{"level":"error","message":"We could not find a person with id: 625ebf40454e41bddfad4774","module":"logErrors","service":"giftrApp"}
{"level":"error","message":"We could not find a person with id: 625ebf40454e41bddfad4774","module":"logErrors","service":"giftrApp"}
{"level":"error","message":"We could not find a person with id: 625ebf40454e41bddfa4774","module":"logErrors","service":"giftrApp"}
{"level":"info","message":"HTTP server listening on port 3030","module":"httpServer","service":"giftrApp"}
{"level":"info","message":"Successfully connected to MongoDB ...","module":"connectDB","service":"giftrApp"}
{"level":"info","message":"HTTP server listening on port 3030","module":"httpServer","service":"giftrApp"}
{"level":"info","message":"Successfully connected to MongoDB ...","module":"connectDB","service":"giftrApp"}
{"level":"info","message":"HTTP server listening on port 3030","module":"httpServer","service":"giftrApp"}
{"level":"info","message":"Successfully connected to MongoDB ...","module":"connectDB","service":"giftrApp"}
{"level":"info","message":"HTTP server listening on port 3030","module":"httpServer","service":"giftrApp"}
{"level":"info","message":"Successfully connected to MongoDB ...","module":"connectDB","service":"giftrApp"}
{"level":"info","message":"HTTP server listening on port 3030","module":"httpServer","service":"giftrApp"}
{"level":"info","message":"Successfully connected to MongoDB ...","module":"connectDB","service":"giftrApp"}
{"level":"info","message":"HTTP server listening on port 3030","module":"httpServer","service":"giftrApp"}
{"level":"info","message":"Successfully connected to MongoDB ...","module":"connectDB","service":"giftrApp"}
